<?xml version="1.0" encoding="UTF-8"?>
<testsuite xmlns:xsi="http://www.w3.org/2001/XMLSchema-instance" xsi:noNamespaceSchemaLocation="https://maven.apache.org/surefire/maven-surefire-plugin/xsd/surefire-test-report-3.0.xsd" version="3.0" name="com.example.ExpenseAPI.ExpenseApiApplicationTests" time="7.863" tests="1" errors="0" skipped="0" failures="0">
  <properties>
[...]
</properties>
  <testcase name="contextLoads" classname="com.example.ExpenseAPI.ExpenseApiApplicationTests" time="0.708">
    <system-out><![CDATA[00:54:36.442 [main] INFO org.springframework.test.context.support.AnnotationConfigContextLoaderUtils -- Could not detect default configuration classes for test class [com.example.ExpenseAPI.ExpenseApiApplicationTests]: ExpenseApiApplicationTests does not declare any static, non-private, non-final, nested classes annotated with @Configuration.
00:54:36.590 [main] INFO org.springframework.boot.test.context.SpringBootTestContextBootstrapper -- Found @SpringBootConfiguration com.example.ExpenseAPI.ExpenseApiApplication for test class com.example.ExpenseAPI.ExpenseApiApplicationTests

  .   ____          _            __ _ _
 /\\ / ___'_ __ _ _(_)_ __  __ _ \ \ \ \
( ( )\___ | '_ | '_| | '_ \/ _` | \ \ \ \
 \\/  ___)| |_)| | | | | || (_| |  ) ) ) )
  '  |____| .__|_| |_|_| |_\__, | / / / /
 =========|_|==============|___/=/_/_/_/

 :: Spring Boot ::       (v3.3.5-SNAPSHOT)

2024-10-17T00:54:37.138+05:30  INFO 125739 --- [ExpenseAPI] [           main] c.e.E.ExpenseApiApplicationTests         : Starting ExpenseApiApplicationTests using Java 21.0.5 with PID 125739 (started by kashan in /home/kashan/ExpenseAPI)
2024-10-17T00:54:37.140+05:30  INFO 125739 --- [ExpenseAPI] [           main] c.e.E.ExpenseApiApplicationTests         : No active profile set, falling back to 1 default profile: "default"
2024-10-17T00:54:38.163+05:30  INFO 125739 --- [ExpenseAPI] [           main] .s.d.r.c.RepositoryConfigurationDelegate : Bootstrapping Spring Data JPA repositories in DEFAULT mode.
2024-10-17T00:54:38.245+05:30  INFO 125739 --- [ExpenseAPI] [           main] .s.d.r.c.RepositoryConfigurationDelegate : Finished Spring Data repository scanning in 73 ms. Found 1 JPA repository interface.
2024-10-17T00:54:38.916+05:30  INFO 125739 --- [ExpenseAPI] [           main] o.hibernate.jpa.internal.util.LogHelper  : HHH000204: Processing PersistenceUnitInfo [name: default]
2024-10-17T00:54:38.984+05:30  INFO 125739 --- [ExpenseAPI] [           main] org.hibernate.Version                    : HHH000412: Hibernate ORM core version 6.5.3.Final
2024-10-17T00:54:39.032+05:30  INFO 125739 --- [ExpenseAPI] [           main] o.h.c.internal.RegionFactoryInitiator    : HHH000026: Second-level cache disabled
2024-10-17T00:54:39.371+05:30  INFO 125739 --- [ExpenseAPI] [           main] o.s.o.j.p.SpringPersistenceUnitInfo      : No LoadTimeWeaver setup: ignoring JPA class transformer
2024-10-17T00:54:39.440+05:30  INFO 125739 --- [ExpenseAPI] [           main] com.zaxxer.hikari.HikariDataSource       : HikariPool-1 - Starting...
2024-10-17T00:54:40.926+05:30  INFO 125739 --- [ExpenseAPI] [           main] com.zaxxer.hikari.pool.HikariPool        : HikariPool-1 - Added connection org.postgresql.jdbc.PgConnection@54bb1194
2024-10-17T00:54:40.928+05:30  INFO 125739 --- [ExpenseAPI] [           main] com.zaxxer.hikari.HikariDataSource       : HikariPool-1 - Start completed.
2024-10-17T00:54:41.033+05:30  WARN 125739 --- [ExpenseAPI] [           main] org.hibernate.orm.deprecation            : HHH90000025: PostgreSQLDialect does not need to be specified explicitly using 'hibernate.dialect' (remove the property setting and it will be selected by default)
2024-10-17T00:54:42.056+05:30  INFO 125739 --- [ExpenseAPI] [           main] o.h.e.t.j.p.i.JtaPlatformInitiator       : HHH000489: No JTA platform available (set 'hibernate.transaction.jta.platform' to enable JTA platform integration)
2024-10-17T00:54:42.293+05:30  INFO 125739 --- [ExpenseAPI] [           main] j.LocalContainerEntityManagerFactoryBean : Initialized JPA EntityManagerFactory for persistence unit 'default'
2024-10-17T00:54:42.789+05:30  WARN 125739 --- [ExpenseAPI] [           main] JpaBaseConfiguration$JpaWebConfiguration : spring.jpa.open-in-view is enabled by default. Therefore, database queries may be performed during view rendering. Explicitly configure spring.jpa.open-in-view to disable this warning
2024-10-17T00:54:43.320+05:30  INFO 125739 --- [ExpenseAPI] [           main] c.e.E.ExpenseApiApplicationTests         : Started ExpenseApiApplicationTests in 6.534 seconds (process running for 7.869)
]]></system-out>
    <system-err><![CDATA[WARNING: A Java agent has been loaded dynamically (/home/kashan/.m2/repository/net/bytebuddy/byte-buddy-agent/1.14.19/byte-buddy-agent-1.14.19.jar)
WARNING: If a serviceability tool is in use, please run with -XX:+EnableDynamicAgentLoading to hide this warning
WARNING: If a serviceability tool is not in use, please run with -Djdk.instrument.traceUsage for more information
WARNING: Dynamic loading of agents will be disallowed by default in a future release
]]></system-err>
  </testcase>
</testsuite>